<?xml version="1.0" encoding="UTF-8"?>
<!-- Generated by org.testng.reporters.JUnitReportReporter -->
<testsuite skipped="0" hostname="ISIPLMUMLP144" name="shaadi.registration.homepage.HomePage" tests="2" failures="0" timestamp="14 Oct 2019 06:42:44 GMT" time="27.434" errors="0">
  <testcase name="openBrowserandValidate" time="14.373" classname="shaadi.registration.homepage.HomePage"/>
  <testcase name="openBrowserandValidate" time="13.061" classname="shaadi.registration.homepage.HomePage"/>
</testsuite> <!-- shaadi.registration.homepage.HomePage -->
