<?xml version="1.0" encoding="UTF-8"?>
<!-- Generated by org.testng.reporters.JUnitReportReporter -->
<testsuite skipped="0" hostname="ISIPLMUMLP144" name="shaadi.registration.homepage.HomePage" tests="2" failures="0" timestamp="14 Oct 2019 05:35:45 GMT" time="21.127" errors="0">
  <testcase name="openBrowserandValidate" time="9.328" classname="shaadi.registration.homepage.HomePage"/>
  <testcase name="openBrowserandValidate" time="11.799" classname="shaadi.registration.homepage.HomePage"/>
</testsuite> <!-- shaadi.registration.homepage.HomePage -->
